◇ injected env (12) from .env // tip: ◈ secrets for agents [www.dotenvx.com]
◇ injected env (0) from .env // tip: ⌘ override existing { override: true }
Server running on port 5000
SyntaxError: Expected property name or '}' in JSON at position 1 (line 1 column 2)
    at JSON.parse (<anonymous>)
    at parse (d:\Zepto\backend\node_modules\body-parser\lib\types\json.js:72:19)
    at d:\Zepto\backend\node_modules\body-parser\lib\read.js:162:18
    at AsyncResource.runInAsyncScope (node:async_hooks:214:14)
    at invokeCallback (d:\Zepto\backend\node_modules\raw-body\index.js:238:16)
    at done (d:\Zepto\backend\node_modules\raw-body\index.js:227:7)
    at IncomingMessage.onEnd (d:\Zepto\backend\node_modules\raw-body\index.js:287:7)
    at IncomingMessage.emit (node:events:519:28)
    at endReadableNT (node:internal/streams/readable:1698:12)
    at process.processTicksAndRejections (node:internal/process/task_queues:90:21) {
  expose: true,
  statusCode: 400,
  status: 400,
  body: '{uid:testuid123,name:Test',
  type: 'entity.parse.failed'
}
